###############################################################################
#                                                                             #
# IAR 8051 C/C++ Compiler V7.30B/W32                    03/May/2011  21:32:44 #
# Copyright 2004-2007 IAR Systems. All rights reserved.                       #
#                                                                             #
#    Core               =  plain                                              #
#    Code model         =  banked                                             #
#    Data model         =  large                                              #
#    Calling convention =  xdata reentrant                                    #
#    Constant location  =  data                                               #
#    Dptr setup         =  1,16                                               #
#    Source file        =  F:\WSN实验\Texas Instruments\ZStack-1.4.3-1.2.1\Co #
#                          mponents\mac\low_level\srf03\mac_random.c          #
#    Command line       =  -f "F:\WSN实验\Texas Instruments\ZStack-1.4.3-1.2. #
#                          1\Projects\zstack\Samples\network                  #
#                          formaton(coordinator)\CC2430DB\..\..\..\Tools\CC24 #
#                          30DB\f8wEndev.cfg" (-DCPU32MHZ -DFORCE_MAC_NEAR    #
#                          -DROOT=__near_func -DMAC_OPT_FFD=0 -DBLINK_LEDS    #
#                          "-DCONST=const __code" -DGENERIC=__generic) -f     #
#                          "F:\WSN实验\Texas Instruments\ZStack-1.4.3-1.2.1\P #
#                          rojects\zstack\Samples\network                     #
#                          formaton(coordinator)\CC2430DB\..\..\..\Tools\CC24 #
#                          30DB\f8wConfig.cfg" (-DSECURE=0                    #
#                          -DDEFAULT_CHANLIST=0x00001000                      #
#                          -DZDAPP_CONFIG_PAN_ID=0xFFFF                       #
#                          -DNWK_START_DELAY=100 -DEXTENDED_JOINING_RANDOM_MA #
#                          SK=0x007F -DBEACON_REQUEST_DELAY=100               #
#                          -DBEACON_REQ_DELAY_MASK=0x00FF                     #
#                          -DROUTE_EXPIRY_TIME=30 -DAPSC_ACK_WAIT_DURATION_PO #
#                          LLED=3000 -DNWK_INDIRECT_MSG_TIMEOUT=7             #
#                          -DMAX_RREQ_ENTRIES=10 -DAPSC_MAX_FRAME_RETRIES=3   #
#                          -DNWK_MAX_DATA_RETRIES=2                           #
#                          -DMAX_POLL_FAILURE_RETRIES=2 -DMAX_BCAST=9         #
#                          -DAPS_MAX_GROUPS=16 -DMAX_RTG_ENTRIES=20           #
#                          -DNWK_MAX_BINDING_ENTRIES=10                       #
#                          -DMAX_BINDING_CLUSTER_IDS=5 "-DDEFAULT_KEY={0x01,  #
#                          0x03, 0x05, 0x07, 0x09, 0x0B, 0x0D, 0x0F, 0x00,    #
#                          0x02, 0x04, 0x06, 0x08, 0x0A, 0x0C, 0x0D}"         #
#                          -DRFD_RCVC_ALWAYS_ON=FALSE -DPOLL_RATE=1000        #
#                          -DQUEUED_POLL_RATE=100 -DRESPONSE_POLL_RATE=100)   #
#                          -DREJOIN_POLL_RATE=440 "F:\WSN实验\Texas           #
#                          Instruments\ZStack-1.4.3-1.2.1\Components\mac\low_ #
#                          level\srf03\mac_random.c" -D CC2430EB -D           #
#                          NWK_AUTO_POLL -D REFLECTOR -D ZTOOL_P1 -D MT_TASK  #
#                          -D MT_ZDO -D xLCD_SUPPORTED=DEBUG -D               #
#                          xPOWER_SAVING -lC "F:\WSN实验\Texas                #
#                          Instruments\ZStack-1.4.3-1.2.1\Projects\zstack\Sam #
#                          ples\network formaton(coordinator)\CC2430DB\EndDev #
#                          iceEB\List\" -lA "F:\WSN实验\Texas                 #
#                          Instruments\ZStack-1.4.3-1.2.1\Projects\zstack\Sam #
#                          ples\network formaton(coordinator)\CC2430DB\EndDev #
#                          iceEB\List\" --diag_suppress Pe001,Pa010           #
#                          --diag_remark pe550 -o "F:\WSN实验\Texas           #
#                          Instruments\ZStack-1.4.3-1.2.1\Projects\zstack\Sam #
#                          ples\network formaton(coordinator)\CC2430DB\EndDev #
#                          iceEB\Obj\" -e --require_prototypes -z9            #
#                          --no_code_motion --debug --core=plain --dptr=16,1  #
#                          --data_model=large --code_model=banked             #
#                          --calling_convention=xdata_reentrant               #
#                          --place_constants=data --nr_virtual_regs 8 -I      #
#                          "F:\WSN实验\Texas Instruments\ZStack-1.4.3-1.2.1\P #
#                          rojects\zstack\Samples\network                     #
#                          formaton(coordinator)\CC2430DB\" -I                #
#                          "F:\WSN实验\Texas Instruments\ZStack-1.4.3-1.2.1\P #
#                          rojects\zstack\Samples\network                     #
#                          formaton(coordinator)\CC2430DB\..\SOURCE\" -I      #
#                          "F:\WSN实验\Texas Instruments\ZStack-1.4.3-1.2.1\P #
#                          rojects\zstack\Samples\network                     #
#                          formaton(coordinator)\CC2430DB\..\..\..\ZMAIN\TI24 #
#                          30DB\" -I "F:\WSN实验\Texas                        #
#                          Instruments\ZStack-1.4.3-1.2.1\Projects\zstack\Sam #
#                          ples\network formaton(coordinator)\CC2430DB\..\..\ #
#                          ..\..\..\COMPONENTS\MT\" -I "F:\WSN实验\Texas      #
#                          Instruments\ZStack-1.4.3-1.2.1\Projects\zstack\Sam #
#                          ples\network formaton(coordinator)\CC2430DB\..\..\ #
#                          ..\..\..\COMPONENTS\HAL\INCLUDE\" -I               #
#                          "F:\WSN实验\Texas Instruments\ZStack-1.4.3-1.2.1\P #
#                          rojects\zstack\Samples\network                     #
#                          formaton(coordinator)\CC2430DB\..\..\..\..\..\COMP #
#                          ONENTS\HAL\TARGET\CC2430EB\" -I "F:\WSN实验\Texas  #
#                          Instruments\ZStack-1.4.3-1.2.1\Projects\zstack\Sam #
#                          ples\network formaton(coordinator)\CC2430DB\..\..\ #
#                          ..\..\..\COMPONENTS\OSAL\MCU\CCSOC\" -I            #
#                          "F:\WSN实验\Texas Instruments\ZStack-1.4.3-1.2.1\P #
#                          rojects\zstack\Samples\network                     #
#                          formaton(coordinator)\CC2430DB\..\..\..\..\..\COMP #
#                          ONENTS\OSAL\INCLUDE\" -I "F:\WSN实验\Texas         #
#                          Instruments\ZStack-1.4.3-1.2.1\Projects\zstack\Sam #
#                          ples\network formaton(coordinator)\CC2430DB\..\..\ #
#                          ..\..\..\COMPONENTS\STACK\AF\" -I                  #
#                          "F:\WSN实验\Texas Instruments\ZStack-1.4.3-1.2.1\P #
#                          rojects\zstack\Samples\network                     #
#                          formaton(coordinator)\CC2430DB\..\..\..\..\..\COMP #
#                          ONENTS\STACK\NWK\" -I "F:\WSN实验\Texas            #
#                          Instruments\ZStack-1.4.3-1.2.1\Projects\zstack\Sam #
#                          ples\network formaton(coordinator)\CC2430DB\..\..\ #
#                          ..\..\..\COMPONENTS\STACK\SEC\" -I                 #
#                          "F:\WSN实验\Texas Instruments\ZStack-1.4.3-1.2.1\P #
#                          rojects\zstack\Samples\network                     #
#                          formaton(coordinator)\CC2430DB\..\..\..\..\..\COMP #
#                          ONENTS\STACK\SYS\" -I "F:\WSN实验\Texas            #
#                          Instruments\ZStack-1.4.3-1.2.1\Projects\zstack\Sam #
#                          ples\network formaton(coordinator)\CC2430DB\..\..\ #
#                          ..\..\..\COMPONENTS\STACK\ZDO\" -I                 #
#                          "F:\WSN实验\Texas Instruments\ZStack-1.4.3-1.2.1\P #
#                          rojects\zstack\Samples\network                     #
#                          formaton(coordinator)\CC2430DB\..\..\..\..\..\COMP #
#                          ONENTS\ZMAC\F8W\" -I "F:\WSN实验\Texas             #
#                          Instruments\ZStack-1.4.3-1.2.1\Projects\zstack\Sam #
#                          ples\network formaton(coordinator)\CC2430DB\..\..\ #
#                          ..\..\..\COMPONENTS\ZMAC\" -I "F:\WSN实验\Texas    #
#                          Instruments\ZStack-1.4.3-1.2.1\Projects\zstack\Sam #
#                          ples\network formaton(coordinator)\CC2430DB\..\..\ #
#                          ..\..\..\COMPONENTS\SERVICES\SADDR\" -I            #
#                          "F:\WSN实验\Texas Instruments\ZStack-1.4.3-1.2.1\P #
#                          rojects\zstack\Samples\network                     #
#                          formaton(coordinator)\CC2430DB\..\..\..\..\..\COMP #
#                          ONENTS\SERVICES\SDATA\" -I "F:\WSN实验\Texas       #
#                          Instruments\ZStack-1.4.3-1.2.1\Projects\zstack\Sam #
#                          ples\network formaton(coordinator)\CC2430DB\..\..\ #
#                          ..\..\..\COMPONENTS\MAC\INCLUDE\" -I               #
#                          "F:\WSN实验\Texas Instruments\ZStack-1.4.3-1.2.1\P #
#                          rojects\zstack\Samples\network                     #
#                          formaton(coordinator)\CC2430DB\..\..\..\..\..\COMP #
#                          ONENTS\MAC\HIGH_LEVEL\" -I "F:\WSN实验\Texas       #
#                          Instruments\ZStack-1.4.3-1.2.1\Projects\zstack\Sam #
#                          ples\network formaton(coordinator)\CC2430DB\..\..\ #
#                          ..\..\..\COMPONENTS\MAC\LOW_LEVEL\SRF03\" -I       #
#                          "F:\WSN实验\Texas Instruments\ZStack-1.4.3-1.2.1\P #
#                          rojects\zstack\Samples\network                     #
#                          formaton(coordinator)\CC2430DB\..\..\..\..\..\COMP #
#                          ONENTS\MAC\LOW_LEVEL\SRF03\SINGLE_CHIP\" -I        #
#                          "D:\Program Files position\IAR Systems\8051\INC\"  #
#                          -I "D:\Program Files position\IAR                  #
#                          Systems\8051\INC\CLIB\"                            #
#    List file          =  F:\WSN实验\Texas Instruments\ZStack-1.4.3-1.2.1\Pr #
#                          ojects\zstack\Samples\network                      #
#                          formaton(coordinator)\CC2430DB\EndDeviceEB\List\ma #
#                          c_random.lst                                       #
#    Object file        =  F:\WSN实验\Texas Instruments\ZStack-1.4.3-1.2.1\Pr #
#                          ojects\zstack\Samples\network                      #
#                          formaton(coordinator)\CC2430DB\EndDeviceEB\Obj\mac #
#                          _random.r51                                        #
#                                                                             #
#                                                                             #
###############################################################################

F:\WSN实验\Texas Instruments\ZStack-1.4.3-1.2.1\Components\mac\low_level\srf03\mac_random.c
      1          /* deprecated file */


 
 
 0 bytes of memory

Errors: none
Warnings: none
