###############################################################################
#                                                                             #
# IAR 8051 C/C++ Compiler V7.30B/W32                    19/Jun/2011  21:26:51 #
# Copyright 2004-2007 IAR Systems. All rights reserved.                       #
#                                                                             #
#    Core               =  plain                                              #
#    Code model         =  banked                                             #
#    Data model         =  large                                              #
#    Calling convention =  xdata reentrant                                    #
#    Constant location  =  data                                               #
#    Dptr setup         =  1,16                                               #
#    Source file        =  C:\Texas Instruments\ZStack-1.4.3-1.2.1\Components #
#                          \hal\target\CC2430EB\hal_target.c                  #
#    Command line       =  -f "C:\Texas Instruments\ZStack-1.4.3-1.2.1\Projec #
#                          ts\zstack\Samples\network                          #
#                          formaton\CC2430DB\..\..\..\Tools\CC2430DB\f8wCoord #
#                          .cfg" (-DCPU32MHZ -DFORCE_MAC_NEAR                 #
#                          -DROOT=__near_func -DMAC_CFG_APP_PENDING_QUEUE=TRU #
#                          E -DZDO_COORDINATOR -DRTR_NWK -DBLINK_LEDS         #
#                          "-DCONST=const __code" -DGENERIC=__generic) -f     #
#                          "C:\Texas Instruments\ZStack-1.4.3-1.2.1\Projects\ #
#                          zstack\Samples\network formaton\CC2430DB\..\..\..\ #
#                          Tools\CC2430DB\f8wConfig.cfg" (-DSECURE=0          #
#                          -DDEFAULT_CHANLIST=0x00000800                      #
#                          -DZDAPP_CONFIG_PAN_ID=0xFFFF                       #
#                          -DNWK_START_DELAY=100 -DEXTENDED_JOINING_RANDOM_MA #
#                          SK=0x007F -DBEACON_REQUEST_DELAY=100               #
#                          -DBEACON_REQ_DELAY_MASK=0x00FF                     #
#                          -DROUTE_EXPIRY_TIME=30 -DAPSC_ACK_WAIT_DURATION_PO #
#                          LLED=3000 -DNWK_INDIRECT_MSG_TIMEOUT=7             #
#                          -DMAX_RREQ_ENTRIES=10 -DAPSC_MAX_FRAME_RETRIES=3   #
#                          -DNWK_MAX_DATA_RETRIES=2                           #
#                          -DMAX_POLL_FAILURE_RETRIES=2 -DMAX_BCAST=9         #
#                          -DAPS_MAX_GROUPS=16 -DMAX_RTG_ENTRIES=20           #
#                          -DNWK_MAX_BINDING_ENTRIES=10                       #
#                          -DMAX_BINDING_CLUSTER_IDS=5 "-DDEFAULT_KEY={0x01,  #
#                          0x03, 0x05, 0x07, 0x09, 0x0B, 0x0D, 0x0F, 0x00,    #
#                          0x02, 0x04, 0x06, 0x08, 0x0A, 0x0C, 0x0D}"         #
#                          -DRFD_RCVC_ALWAYS_ON=FALSE -DPOLL_RATE=1000        #
#                          -DQUEUED_POLL_RATE=100 -DRESPONSE_POLL_RATE=100)   #
#                          -DREJOIN_POLL_RATE=440 "C:\Texas                   #
#                          Instruments\ZStack-1.4.3-1.2.1\Components\hal\targ #
#                          et\CC2430EB\hal_target.c" -D CC2430EB -D           #
#                          xREFLECTOR -D ZTOOL_P1 -D MT_TASK -D MT_ZDO_FUNC   #
#                          -D xLCD_SUPPORTED=DEBUG -D NV_RESTORE -lC          #
#                          "C:\Texas Instruments\ZStack-1.4.3-1.2.1\Projects\ #
#                          zstack\Samples\network formaton\CC2430DB\Coordinat #
#                          orEB\List\" -lA "C:\Texas                          #
#                          Instruments\ZStack-1.4.3-1.2.1\Projects\zstack\Sam #
#                          ples\network formaton\CC2430DB\CoordinatorEB\List\ #
#                          " --diag_suppress Pe001,Pa010 --diag_remark pe550  #
#                          -o "C:\Texas Instruments\ZStack-1.4.3-1.2.1\Projec #
#                          ts\zstack\Samples\network                          #
#                          formaton\CC2430DB\CoordinatorEB\Obj\" -e           #
#                          --require_prototypes -z9 --no_code_motion --debug  #
#                          --core=plain --dptr=16,1 --data_model=large        #
#                          --code_model=banked --calling_convention=xdata_ree #
#                          ntrant --place_constants=data --nr_virtual_regs 8  #
#                          -I "C:\Texas Instruments\ZStack-1.4.3-1.2.1\Projec #
#                          ts\zstack\Samples\network formaton\CC2430DB\" -I   #
#                          "C:\Texas Instruments\ZStack-1.4.3-1.2.1\Projects\ #
#                          zstack\Samples\network formaton\CC2430DB\..\SOURCE #
#                          \" -I "C:\Texas Instruments\ZStack-1.4.3-1.2.1\Pro #
#                          jects\zstack\Samples\network                       #
#                          formaton\CC2430DB\..\..\..\ZMAIN\TI2430DB\" -I     #
#                          "C:\Texas Instruments\ZStack-1.4.3-1.2.1\Projects\ #
#                          zstack\Samples\network formaton\CC2430DB\..\..\..\ #
#                          ..\..\COMPONENTS\MT\" -I "C:\Texas                 #
#                          Instruments\ZStack-1.4.3-1.2.1\Projects\zstack\Sam #
#                          ples\network formaton\CC2430DB\..\..\..\..\..\COMP #
#                          ONENTS\HAL\INCLUDE\" -I "C:\Texas                  #
#                          Instruments\ZStack-1.4.3-1.2.1\Projects\zstack\Sam #
#                          ples\network formaton\CC2430DB\..\..\..\..\..\COMP #
#                          ONENTS\HAL\TARGET\CC2430EB\" -I "C:\Texas          #
#                          Instruments\ZStack-1.4.3-1.2.1\Projects\zstack\Sam #
#                          ples\network formaton\CC2430DB\..\..\..\..\..\COMP #
#                          ONENTS\OSAL\MCU\CCSOC\" -I "C:\Texas               #
#                          Instruments\ZStack-1.4.3-1.2.1\Projects\zstack\Sam #
#                          ples\network formaton\CC2430DB\..\..\..\..\..\COMP #
#                          ONENTS\OSAL\INCLUDE\" -I "C:\Texas                 #
#                          Instruments\ZStack-1.4.3-1.2.1\Projects\zstack\Sam #
#                          ples\network formaton\CC2430DB\..\..\..\..\..\COMP #
#                          ONENTS\STACK\AF\" -I "C:\Texas                     #
#                          Instruments\ZStack-1.4.3-1.2.1\Projects\zstack\Sam #
#                          ples\network formaton\CC2430DB\..\..\..\..\..\COMP #
#                          ONENTS\STACK\NWK\" -I "C:\Texas                    #
#                          Instruments\ZStack-1.4.3-1.2.1\Projects\zstack\Sam #
#                          ples\network formaton\CC2430DB\..\..\..\..\..\COMP #
#                          ONENTS\STACK\SEC\" -I "C:\Texas                    #
#                          Instruments\ZStack-1.4.3-1.2.1\Projects\zstack\Sam #
#                          ples\network formaton\CC2430DB\..\..\..\..\..\COMP #
#                          ONENTS\STACK\SYS\" -I "C:\Texas                    #
#                          Instruments\ZStack-1.4.3-1.2.1\Projects\zstack\Sam #
#                          ples\network formaton\CC2430DB\..\..\..\..\..\COMP #
#                          ONENTS\STACK\ZDO\" -I "C:\Texas                    #
#                          Instruments\ZStack-1.4.3-1.2.1\Projects\zstack\Sam #
#                          ples\network formaton\CC2430DB\..\..\..\..\..\COMP #
#                          ONENTS\ZMAC\F8W\" -I "C:\Texas                     #
#                          Instruments\ZStack-1.4.3-1.2.1\Projects\zstack\Sam #
#                          ples\network formaton\CC2430DB\..\..\..\..\..\COMP #
#                          ONENTS\ZMAC\" -I "C:\Texas                         #
#                          Instruments\ZStack-1.4.3-1.2.1\Projects\zstack\Sam #
#                          ples\network formaton\CC2430DB\..\..\..\..\..\COMP #
#                          ONENTS\SERVICES\SADDR\" -I "C:\Texas               #
#                          Instruments\ZStack-1.4.3-1.2.1\Projects\zstack\Sam #
#                          ples\network formaton\CC2430DB\..\..\..\..\..\COMP #
#                          ONENTS\SERVICES\SDATA\" -I "C:\Texas               #
#                          Instruments\ZStack-1.4.3-1.2.1\Projects\zstack\Sam #
#                          ples\network formaton\CC2430DB\..\..\..\..\..\COMP #
#                          ONENTS\MAC\INCLUDE\" -I "C:\Texas                  #
#                          Instruments\ZStack-1.4.3-1.2.1\Projects\zstack\Sam #
#                          ples\network formaton\CC2430DB\..\..\..\..\..\COMP #
#                          ONENTS\MAC\HIGH_LEVEL\" -I "C:\Texas               #
#                          Instruments\ZStack-1.4.3-1.2.1\Projects\zstack\Sam #
#                          ples\network formaton\CC2430DB\..\..\..\..\..\COMP #
#                          ONENTS\MAC\LOW_LEVEL\SRF03\" -I "C:\Texas          #
#                          Instruments\ZStack-1.4.3-1.2.1\Projects\zstack\Sam #
#                          ples\network formaton\CC2430DB\..\..\..\..\..\COMP #
#                          ONENTS\MAC\LOW_LEVEL\SRF03\SINGLE_CHIP\" -I        #
#                          "C:\Program Files\IAR Systems\Embedded Workbench   #
#                          4.0 Evaluation version\8051\INC\" -I "C:\Program   #
#                          Files\IAR Systems\Embedded Workbench 4.0           #
#                          Evaluation version\8051\INC\CLIB\"                 #
#    List file          =  C:\Texas Instruments\ZStack-1.4.3-1.2.1\Projects\z #
#                          stack\Samples\network formaton\CC2430DB\Coordinato #
#                          rEB\List\hal_target.lst                            #
#    Object file        =  C:\Texas Instruments\ZStack-1.4.3-1.2.1\Projects\z #
#                          stack\Samples\network formaton\CC2430DB\Coordinato #
#                          rEB\Obj\hal_target.r51                             #
#                                                                             #
#                                                                             #
###############################################################################

C:\Texas Instruments\ZStack-1.4.3-1.2.1\Components\hal\target\CC2430EB\hal_target.c
      1          /* empty */


 
 
 0 bytes of memory

Errors: none
Warnings: none
