###############################################################################
#                                                                             #
# IAR 8051 C/C++ Compiler V7.30B/W32                    20/Oct/2014  18:58:45 #
# Copyright 2004-2007 IAR Systems. All rights reserved.                       #
#                                                                             #
#    Core               =  plain                                              #
#    Code model         =  banked                                             #
#    Data model         =  large                                              #
#    Calling convention =  xdata reentrant                                    #
#    Constant location  =  data                                               #
#    Dptr setup         =  1,16                                               #
#    Source file        =  C:\8-22\0最新有用\修改中2013.8.12Texas             #
#                          Instruments longmenshan\ZStack-1.4.3-1.2.1\Compone #
#                          nts\mac\low_level\srf03\mac_random.c               #
#    Command line       =  -f "C:\8-22\0最新有用\修改中2013.8.12Texas         #
#                          Instruments longmenshan\ZStack-1.4.3-1.2.1\Project #
#                          s\zstack\Samples\network                           #
#                          formaton\CC2430DB\..\..\..\Tools\CC2430DB\f8wEndev #
#                          .cfg" (-DCPU32MHZ -DFORCE_MAC_NEAR                 #
#                          -DROOT=__near_func -DMAC_OPT_FFD=0 -DBLINK_LEDS    #
#                          "-DCONST=const __code" -DGENERIC=__generic) -f     #
#                          "C:\8-22\0最新有用\修改中2013.8.12Texas            #
#                          Instruments longmenshan\ZStack-1.4.3-1.2.1\Project #
#                          s\zstack\Samples\network                           #
#                          formaton\CC2430DB\..\..\..\Tools\CC2430DB\f8wConfi #
#                          g.cfg" (-DSECURE=0 -DDEFAULT_CHANLIST=0x00000800   #
#                          -DZDAPP_CONFIG_PAN_ID=0x1234                       #
#                          -DNWK_START_DELAY=100 -DEXTENDED_JOINING_RANDOM_MA #
#                          SK=0x007F -DBEACON_REQUEST_DELAY=100               #
#                          -DBEACON_REQ_DELAY_MASK=0x00FF                     #
#                          -DROUTE_EXPIRY_TIME=30 -DAPSC_ACK_WAIT_DURATION_PO #
#                          LLED=3000 -DNWK_INDIRECT_MSG_TIMEOUT=30            #
#                          -DMAX_RREQ_ENTRIES=10 -DAPSC_MAX_FRAME_RETRIES=3   #
#                          -DNWK_MAX_DATA_RETRIES=2                           #
#                          -DMAX_POLL_FAILURE_RETRIES=2 -DMAX_BCAST=9         #
#                          -DAPS_MAX_GROUPS=16 -DMAX_RTG_ENTRIES=20           #
#                          -DNWK_MAX_BINDING_ENTRIES=10                       #
#                          -DMAX_BINDING_CLUSTER_IDS=5 "-DDEFAULT_KEY={0x01,  #
#                          0x03, 0x05, 0x07, 0x09, 0x0B, 0x0D, 0x0F, 0x00,    #
#                          0x02, 0x04, 0x06, 0x08, 0x0A, 0x0C, 0x0D}"         #
#                          -DRFD_RCVC_ALWAYS_ON=FALSE -DPOLL_RATE=10000       #
#                          -DQUEUED_POLL_RATE=100 -DRESPONSE_POLL_RATE=100)   #
#                          -DREJOIN_POLL_RATE=440 "C:\8-22\0最新有用\修改中20 #
#                          13.8.12Texas Instruments                           #
#                          longmenshan\ZStack-1.4.3-1.2.1\Components\mac\low_ #
#                          level\srf03\mac_random.c" -D CC2430EB -D           #
#                          NWK_AUTO_POLL -D REFLECTOR -D ZTOOL_P1 -D MT_TASK  #
#                          -D MT_ZDO -D xLCD_SUPPORTED=DEBUG -D POWER_SAVING  #
#                          -lC "C:\8-22\0最新有用\修改中2013.8.12Texas        #
#                          Instruments longmenshan\ZStack-1.4.3-1.2.1\Project #
#                          s\zstack\Samples\network                           #
#                          formaton\CC2430DB\EndDeviceEB\List\" -lA           #
#                          "C:\8-22\0最新有用\修改中2013.8.12Texas            #
#                          Instruments longmenshan\ZStack-1.4.3-1.2.1\Project #
#                          s\zstack\Samples\network                           #
#                          formaton\CC2430DB\EndDeviceEB\List\"               #
#                          --diag_suppress Pe001,Pa010 --diag_remark pe550    #
#                          -o "C:\8-22\0最新有用\修改中2013.8.12Texas         #
#                          Instruments longmenshan\ZStack-1.4.3-1.2.1\Project #
#                          s\zstack\Samples\network                           #
#                          formaton\CC2430DB\EndDeviceEB\Obj\" -e             #
#                          --require_prototypes -z9 --no_code_motion --debug  #
#                          --core=plain --dptr=16,1 --data_model=large        #
#                          --code_model=banked --calling_convention=xdata_ree #
#                          ntrant --place_constants=data --nr_virtual_regs 8  #
#                          -I "C:\8-22\0最新有用\修改中2013.8.12Texas         #
#                          Instruments longmenshan\ZStack-1.4.3-1.2.1\Project #
#                          s\zstack\Samples\network formaton\CC2430DB\" -I    #
#                          "C:\8-22\0最新有用\修改中2013.8.12Texas            #
#                          Instruments longmenshan\ZStack-1.4.3-1.2.1\Project #
#                          s\zstack\Samples\network                           #
#                          formaton\CC2430DB\..\SOURCE\" -I                   #
#                          "C:\8-22\0最新有用\修改中2013.8.12Texas            #
#                          Instruments longmenshan\ZStack-1.4.3-1.2.1\Project #
#                          s\zstack\Samples\network                           #
#                          formaton\CC2430DB\..\..\..\ZMAIN\TI2430DB\" -I     #
#                          "C:\8-22\0最新有用\修改中2013.8.12Texas            #
#                          Instruments longmenshan\ZStack-1.4.3-1.2.1\Project #
#                          s\zstack\Samples\network                           #
#                          formaton\CC2430DB\..\..\..\..\..\COMPONENTS\MT\"   #
#                          -I "C:\8-22\0最新有用\修改中2013.8.12Texas         #
#                          Instruments longmenshan\ZStack-1.4.3-1.2.1\Project #
#                          s\zstack\Samples\network                           #
#                          formaton\CC2430DB\..\..\..\..\..\COMPONENTS\HAL\IN #
#                          CLUDE\" -I "C:\8-22\0最新有用\修改中2013.8.12Texas #
#                           Instruments longmenshan\ZStack-1.4.3-1.2.1\Projec #
#                          ts\zstack\Samples\network                          #
#                          formaton\CC2430DB\..\..\..\..\..\COMPONENTS\HAL\TA #
#                          RGET\CC2430EB\" -I "C:\8-22\0最新有用\修改中2013.8 #
#                          .12Texas Instruments longmenshan\ZStack-1.4.3-1.2. #
#                          1\Projects\zstack\Samples\network                  #
#                          formaton\CC2430DB\..\..\..\..\..\COMPONENTS\OSAL\M #
#                          CU\CCSOC\" -I "C:\8-22\0最新有用\修改中2013.8.12Te #
#                          xas Instruments longmenshan\ZStack-1.4.3-1.2.1\Pro #
#                          jects\zstack\Samples\network                       #
#                          formaton\CC2430DB\..\..\..\..\..\COMPONENTS\OSAL\I #
#                          NCLUDE\" -I "C:\8-22\0最新有用\修改中2013.8.12Texa #
#                          s Instruments longmenshan\ZStack-1.4.3-1.2.1\Proje #
#                          cts\zstack\Samples\network                         #
#                          formaton\CC2430DB\..\..\..\..\..\COMPONENTS\STACK\ #
#                          AF\" -I "C:\8-22\0最新有用\修改中2013.8.12Texas    #
#                          Instruments longmenshan\ZStack-1.4.3-1.2.1\Project #
#                          s\zstack\Samples\network                           #
#                          formaton\CC2430DB\..\..\..\..\..\COMPONENTS\STACK\ #
#                          NWK\" -I "C:\8-22\0最新有用\修改中2013.8.12Texas   #
#                          Instruments longmenshan\ZStack-1.4.3-1.2.1\Project #
#                          s\zstack\Samples\network                           #
#                          formaton\CC2430DB\..\..\..\..\..\COMPONENTS\STACK\ #
#                          SEC\" -I "C:\8-22\0最新有用\修改中2013.8.12Texas   #
#                          Instruments longmenshan\ZStack-1.4.3-1.2.1\Project #
#                          s\zstack\Samples\network                           #
#                          formaton\CC2430DB\..\..\..\..\..\COMPONENTS\STACK\ #
#                          SYS\" -I "C:\8-22\0最新有用\修改中2013.8.12Texas   #
#                          Instruments longmenshan\ZStack-1.4.3-1.2.1\Project #
#                          s\zstack\Samples\network                           #
#                          formaton\CC2430DB\..\..\..\..\..\COMPONENTS\STACK\ #
#                          ZDO\" -I "C:\8-22\0最新有用\修改中2013.8.12Texas   #
#                          Instruments longmenshan\ZStack-1.4.3-1.2.1\Project #
#                          s\zstack\Samples\network                           #
#                          formaton\CC2430DB\..\..\..\..\..\COMPONENTS\ZMAC\F #
#                          8W\" -I "C:\8-22\0最新有用\修改中2013.8.12Texas    #
#                          Instruments longmenshan\ZStack-1.4.3-1.2.1\Project #
#                          s\zstack\Samples\network                           #
#                          formaton\CC2430DB\..\..\..\..\..\COMPONENTS\ZMAC\" #
#                           -I "C:\8-22\0最新有用\修改中2013.8.12Texas        #
#                          Instruments longmenshan\ZStack-1.4.3-1.2.1\Project #
#                          s\zstack\Samples\network                           #
#                          formaton\CC2430DB\..\..\..\..\..\COMPONENTS\SERVIC #
#                          ES\SADDR\" -I "C:\8-22\0最新有用\修改中2013.8.12Te #
#                          xas Instruments longmenshan\ZStack-1.4.3-1.2.1\Pro #
#                          jects\zstack\Samples\network                       #
#                          formaton\CC2430DB\..\..\..\..\..\COMPONENTS\SERVIC #
#                          ES\SDATA\" -I "C:\8-22\0最新有用\修改中2013.8.12Te #
#                          xas Instruments longmenshan\ZStack-1.4.3-1.2.1\Pro #
#                          jects\zstack\Samples\network                       #
#                          formaton\CC2430DB\..\..\..\..\..\COMPONENTS\MAC\IN #
#                          CLUDE\" -I "C:\8-22\0最新有用\修改中2013.8.12Texas #
#                           Instruments longmenshan\ZStack-1.4.3-1.2.1\Projec #
#                          ts\zstack\Samples\network                          #
#                          formaton\CC2430DB\..\..\..\..\..\COMPONENTS\MAC\HI #
#                          GH_LEVEL\" -I "C:\8-22\0最新有用\修改中2013.8.12Te #
#                          xas Instruments longmenshan\ZStack-1.4.3-1.2.1\Pro #
#                          jects\zstack\Samples\network                       #
#                          formaton\CC2430DB\..\..\..\..\..\COMPONENTS\MAC\LO #
#                          W_LEVEL\SRF03\" -I "C:\8-22\0最新有用\修改中2013.8 #
#                          .12Texas Instruments longmenshan\ZStack-1.4.3-1.2. #
#                          1\Projects\zstack\Samples\network                  #
#                          formaton\CC2430DB\..\..\..\..\..\COMPONENTS\MAC\LO #
#                          W_LEVEL\SRF03\SINGLE_CHIP\" -I "D:\XP的D\Program   #
#                          file\IAR\8051\INC\" -I "D:\XP的D\Program           #
#                          file\IAR\8051\INC\CLIB\"                           #
#    List file          =  C:\8-22\0最新有用\修改中2013.8.12Texas             #
#                          Instruments longmenshan\ZStack-1.4.3-1.2.1\Project #
#                          s\zstack\Samples\network                           #
#                          formaton\CC2430DB\EndDeviceEB\List\mac_random.lst  #
#    Object file        =  C:\8-22\0最新有用\修改中2013.8.12Texas             #
#                          Instruments longmenshan\ZStack-1.4.3-1.2.1\Project #
#                          s\zstack\Samples\network                           #
#                          formaton\CC2430DB\EndDeviceEB\Obj\mac_random.r51   #
#                                                                             #
#                                                                             #
###############################################################################

C:\8-22\0最新有用\修改中2013.8.12Texas Instruments longmenshan\ZStack-1.4.3-1.2.1\Components\mac\low_level\srf03\mac_random.c
      1          /* deprecated file */


 
 
 0 bytes of memory

Errors: none
Warnings: none
